2024-11-22T19:01:48.369+05:30  INFO 25944 --- [VerveApplication] [restartedMain] com.example.verve.VerveApplication       : Starting VerveApplication using Java 17.0.12 with PID 25944 (C:\Users\singh\Downloads\verve\verve\target\classes started by singh in C:\Users\singh\Downloads\verve\verve)
2024-11-22T19:01:48.371+05:30  INFO 25944 --- [VerveApplication] [restartedMain] com.example.verve.VerveApplication       : No active profile set, falling back to 1 default profile: "default"
2024-11-22T19:01:48.426+05:30  INFO 25944 --- [VerveApplication] [restartedMain] .e.DevToolsPropertyDefaultsPostProcessor : Devtools property defaults active! Set 'spring.devtools.add-properties' to 'false' to disable
2024-11-22T19:01:48.426+05:30  INFO 25944 --- [VerveApplication] [restartedMain] .e.DevToolsPropertyDefaultsPostProcessor : For additional web related logging consider setting the 'logging.level.web' property to 'DEBUG'
2024-11-22T19:01:48.979+05:30  INFO 25944 --- [VerveApplication] [restartedMain] .s.d.r.c.RepositoryConfigurationDelegate : Multiple Spring Data modules found, entering strict repository configuration mode
2024-11-22T19:01:48.982+05:30  INFO 25944 --- [VerveApplication] [restartedMain] .s.d.r.c.RepositoryConfigurationDelegate : Bootstrapping Spring Data Redis repositories in DEFAULT mode.
2024-11-22T19:01:49.015+05:30  INFO 25944 --- [VerveApplication] [restartedMain] .s.d.r.c.RepositoryConfigurationDelegate : Finished Spring Data repository scanning in 13 ms. Found 0 Redis repository interfaces.
2024-11-22T19:01:49.517+05:30  INFO 25944 --- [VerveApplication] [restartedMain] o.s.b.w.embedded.tomcat.TomcatWebServer  : Tomcat initialized with port 8080 (http)
2024-11-22T19:01:49.528+05:30  INFO 25944 --- [VerveApplication] [restartedMain] o.apache.catalina.core.StandardService   : Starting service [Tomcat]
2024-11-22T19:01:49.528+05:30  INFO 25944 --- [VerveApplication] [restartedMain] o.apache.catalina.core.StandardEngine    : Starting Servlet engine: [Apache Tomcat/10.1.31]
2024-11-22T19:01:49.575+05:30  INFO 25944 --- [VerveApplication] [restartedMain] o.a.c.c.C.[Tomcat].[localhost].[/]       : Initializing Spring embedded WebApplicationContext
2024-11-22T19:01:49.576+05:30  INFO 25944 --- [VerveApplication] [restartedMain] w.s.c.ServletWebServerApplicationContext : Root WebApplicationContext: initialization completed in 1148 ms
2024-11-22T19:01:50.374+05:30  INFO 25944 --- [VerveApplication] [restartedMain] o.s.b.d.a.OptionalLiveReloadServer       : LiveReload server is running on port 35729
2024-11-22T19:01:50.409+05:30  INFO 25944 --- [VerveApplication] [restartedMain] o.s.b.w.embedded.tomcat.TomcatWebServer  : Tomcat started on port 8080 (http) with context path '/'
2024-11-22T19:01:50.422+05:30  INFO 25944 --- [VerveApplication] [restartedMain] com.example.verve.VerveApplication       : Started VerveApplication in 2.414 seconds (process running for 2.799)
2024-11-22T19:02:00.016+05:30  INFO 25944 --- [VerveApplication] [scheduling-1] c.e.verve.scheduler.LoggingScheduler     : Cron Job Started
2024-11-22T19:02:00.017+05:30  INFO 25944 --- [VerveApplication] [scheduling-1] c.e.verve.scheduler.LoggingScheduler     : Unique request count in the last minute: 0
2024-11-22T19:02:00.084+05:30  INFO 25944 --- [VerveApplication] [scheduling-1] o.a.k.c.t.i.KafkaMetricsCollector        : initializing Kafka metrics collector
2024-11-22T19:02:00.205+05:30  INFO 25944 --- [VerveApplication] [scheduling-1] o.a.kafka.common.utils.AppInfoParser     : Kafka version: 3.7.1
2024-11-22T19:02:00.206+05:30  INFO 25944 --- [VerveApplication] [scheduling-1] o.a.kafka.common.utils.AppInfoParser     : Kafka commitId: e2494e6ffb89f828
2024-11-22T19:02:00.206+05:30  INFO 25944 --- [VerveApplication] [scheduling-1] o.a.kafka.common.utils.AppInfoParser     : Kafka startTimeMs: 1732282320204
2024-11-22T19:02:01.880+05:30  INFO 25944 --- [VerveApplication] [http-nio-8080-exec-3] o.a.c.c.C.[Tomcat].[localhost].[/]       : Initializing Spring DispatcherServlet 'dispatcherServlet'
2024-11-22T19:02:01.881+05:30  INFO 25944 --- [VerveApplication] [http-nio-8080-exec-3] o.s.web.servlet.DispatcherServlet        : Initializing Servlet 'dispatcherServlet'
2024-11-22T19:02:01.883+05:30  INFO 25944 --- [VerveApplication] [http-nio-8080-exec-3] o.s.web.servlet.DispatcherServlet        : Completed initialization in 2 ms
2024-11-22T19:02:01.932+05:30  INFO 25944 --- [VerveApplication] [http-nio-8080-exec-3] c.e.verve.controller.VerveController     : Received request with id: 413
2024-11-22T19:02:01.932+05:30  INFO 25944 --- [VerveApplication] [http-nio-8080-exec-3] c.e.verve.service.RequestTrackerService  : Attempting to track request with ID: 413
2024-11-22T19:02:02.417+05:30  INFO 25944 --- [VerveApplication] [http-nio-8080-exec-3] c.e.verve.controller.VerveController     : Request with id: 413 is unique.
2024-11-22T19:02:05.893+05:30  INFO 25944 --- [VerveApplication] [http-nio-8080-exec-2] c.e.verve.controller.VerveController     : Received request with id: 412
2024-11-22T19:02:05.894+05:30  INFO 25944 --- [VerveApplication] [http-nio-8080-exec-2] c.e.verve.service.RequestTrackerService  : Attempting to track request with ID: 412
2024-11-22T19:02:05.896+05:30  INFO 25944 --- [VerveApplication] [http-nio-8080-exec-2] c.e.verve.controller.VerveController     : Request with id: 412 is unique.
2024-11-22T19:02:08.538+05:30  INFO 25944 --- [VerveApplication] [http-nio-8080-exec-4] c.e.verve.controller.VerveController     : Received request with id: 412
2024-11-22T19:02:08.539+05:30  INFO 25944 --- [VerveApplication] [http-nio-8080-exec-4] c.e.verve.service.RequestTrackerService  : Attempting to track request with ID: 412
2024-11-22T19:02:08.540+05:30  INFO 25944 --- [VerveApplication] [http-nio-8080-exec-4] c.e.verve.controller.VerveController     : Request with id: 412 is duplicate.
2024-11-22T19:13:41.503+05:30  INFO 22760 --- [VerveApplication] [restartedMain] com.example.verve.VerveApplication       : Starting VerveApplication using Java 17.0.12 with PID 22760 (C:\Users\singh\Downloads\verve\verve\target\classes started by singh in C:\Users\singh\Downloads\verve\verve)
2024-11-22T19:13:41.505+05:30  INFO 22760 --- [VerveApplication] [restartedMain] com.example.verve.VerveApplication       : No active profile set, falling back to 1 default profile: "default"
2024-11-22T19:13:41.553+05:30  INFO 22760 --- [VerveApplication] [restartedMain] .e.DevToolsPropertyDefaultsPostProcessor : Devtools property defaults active! Set 'spring.devtools.add-properties' to 'false' to disable
2024-11-22T19:13:41.554+05:30  INFO 22760 --- [VerveApplication] [restartedMain] .e.DevToolsPropertyDefaultsPostProcessor : For additional web related logging consider setting the 'logging.level.web' property to 'DEBUG'
2024-11-22T19:13:42.136+05:30  INFO 22760 --- [VerveApplication] [restartedMain] .s.d.r.c.RepositoryConfigurationDelegate : Multiple Spring Data modules found, entering strict repository configuration mode
2024-11-22T19:13:42.138+05:30  INFO 22760 --- [VerveApplication] [restartedMain] .s.d.r.c.RepositoryConfigurationDelegate : Bootstrapping Spring Data Redis repositories in DEFAULT mode.
2024-11-22T19:13:42.174+05:30  INFO 22760 --- [VerveApplication] [restartedMain] .s.d.r.c.RepositoryConfigurationDelegate : Finished Spring Data repository scanning in 12 ms. Found 0 Redis repository interfaces.
2024-11-22T19:13:42.772+05:30  INFO 22760 --- [VerveApplication] [restartedMain] o.s.b.w.embedded.tomcat.TomcatWebServer  : Tomcat initialized with port 8080 (http)
2024-11-22T19:13:42.782+05:30  INFO 22760 --- [VerveApplication] [restartedMain] o.apache.catalina.core.StandardService   : Starting service [Tomcat]
2024-11-22T19:13:42.783+05:30  INFO 22760 --- [VerveApplication] [restartedMain] o.apache.catalina.core.StandardEngine    : Starting Servlet engine: [Apache Tomcat/10.1.31]
2024-11-22T19:13:42.824+05:30  INFO 22760 --- [VerveApplication] [restartedMain] o.a.c.c.C.[Tomcat].[localhost].[/]       : Initializing Spring embedded WebApplicationContext
2024-11-22T19:13:42.824+05:30  INFO 22760 --- [VerveApplication] [restartedMain] w.s.c.ServletWebServerApplicationContext : Root WebApplicationContext: initialization completed in 1270 ms
2024-11-22T19:13:43.665+05:30  INFO 22760 --- [VerveApplication] [restartedMain] o.s.b.d.a.OptionalLiveReloadServer       : LiveReload server is running on port 35729
2024-11-22T19:13:43.710+05:30  INFO 22760 --- [VerveApplication] [restartedMain] o.s.b.w.embedded.tomcat.TomcatWebServer  : Tomcat started on port 8080 (http) with context path '/'
2024-11-22T19:13:43.724+05:30  INFO 22760 --- [VerveApplication] [restartedMain] com.example.verve.VerveApplication       : Started VerveApplication in 2.592 seconds (process running for 2.968)
2024-11-22T19:13:50.771+05:30  INFO 22760 --- [VerveApplication] [http-nio-8080-exec-1] o.a.c.c.C.[Tomcat].[localhost].[/]       : Initializing Spring DispatcherServlet 'dispatcherServlet'
2024-11-22T19:13:50.771+05:30  INFO 22760 --- [VerveApplication] [http-nio-8080-exec-1] o.s.web.servlet.DispatcherServlet        : Initializing Servlet 'dispatcherServlet'
2024-11-22T19:13:50.772+05:30  INFO 22760 --- [VerveApplication] [http-nio-8080-exec-1] o.s.web.servlet.DispatcherServlet        : Completed initialization in 1 ms
2024-11-22T19:13:50.821+05:30  INFO 22760 --- [VerveApplication] [http-nio-8080-exec-1] c.e.verve.controller.VerveController     : Received request with id: 4120
2024-11-22T19:13:50.824+05:30  INFO 22760 --- [VerveApplication] [http-nio-8080-exec-1] c.e.verve.service.RequestTrackerService  : Attempting to track request with ID: 4120
2024-11-22T19:13:51.217+05:30  INFO 22760 --- [VerveApplication] [http-nio-8080-exec-1] c.e.verve.controller.VerveController     : Request with id: 4120 is unique.
2024-11-22T19:13:53.446+05:30  INFO 22760 --- [VerveApplication] [http-nio-8080-exec-3] c.e.verve.controller.VerveController     : Received request with id: 4120
2024-11-22T19:13:53.447+05:30  INFO 22760 --- [VerveApplication] [http-nio-8080-exec-3] c.e.verve.service.RequestTrackerService  : Attempting to track request with ID: 4120
2024-11-22T19:13:53.451+05:30  INFO 22760 --- [VerveApplication] [http-nio-8080-exec-3] c.e.verve.controller.VerveController     : Request with id: 4120 is duplicate.
2024-11-22T19:14:00.024+05:30  INFO 22760 --- [VerveApplication] [scheduling-1] c.e.verve.scheduler.LoggingScheduler     : Cron Job Started
2024-11-22T19:14:00.024+05:30  INFO 22760 --- [VerveApplication] [scheduling-1] c.e.verve.scheduler.LoggingScheduler     : Unique request count in the last minute: 1
2024-11-22T19:14:00.089+05:30  INFO 22760 --- [VerveApplication] [scheduling-1] o.a.k.c.t.i.KafkaMetricsCollector        : initializing Kafka metrics collector
2024-11-22T19:14:00.176+05:30  INFO 22760 --- [VerveApplication] [scheduling-1] o.a.kafka.common.utils.AppInfoParser     : Kafka version: 3.7.1
2024-11-22T19:14:00.176+05:30  INFO 22760 --- [VerveApplication] [scheduling-1] o.a.kafka.common.utils.AppInfoParser     : Kafka commitId: e2494e6ffb89f828
2024-11-22T19:14:00.176+05:30  INFO 22760 --- [VerveApplication] [scheduling-1] o.a.kafka.common.utils.AppInfoParser     : Kafka startTimeMs: 1732283040174
2024-11-22T19:14:19.883+05:30  INFO 22760 --- [VerveApplication] [http-nio-8080-exec-4] c.e.verve.controller.VerveController     : Received request with id: 4120
2024-11-22T19:14:19.883+05:30  INFO 22760 --- [VerveApplication] [http-nio-8080-exec-4] c.e.verve.service.RequestTrackerService  : Attempting to track request with ID: 4120
2024-11-22T19:14:19.885+05:30  INFO 22760 --- [VerveApplication] [http-nio-8080-exec-4] c.e.verve.controller.VerveController     : Request with id: 4120 is duplicate.
2024-11-22T19:15:00.184+05:30 ERROR 22760 --- [VerveApplication] [scheduling-1] o.s.k.support.LoggingProducerListener    : Exception thrown when sending a message with key='null' and payload='Unique request count in the last minute: 1' to topic unique-count-topic:

org.apache.kafka.common.errors.TimeoutException: Topic unique-count-topic not present in metadata after 60000 ms.

2024-11-22T19:15:00.189+05:30 ERROR 22760 --- [VerveApplication] [scheduling-1] c.e.verve.scheduler.LoggingScheduler     : Error during logging unique request count: Send failed

org.springframework.kafka.KafkaException: Send failed
	at org.springframework.kafka.core.KafkaTemplate.doSend(KafkaTemplate.java:836) ~[spring-kafka-3.2.4.jar:3.2.4]
	at org.springframework.kafka.core.KafkaTemplate.observeSend(KafkaTemplate.java:793) ~[spring-kafka-3.2.4.jar:3.2.4]
	at org.springframework.kafka.core.KafkaTemplate.send(KafkaTemplate.java:570) ~[spring-kafka-3.2.4.jar:3.2.4]
	at com.example.verve.config.KafkaProducerConfig.sendMessage(KafkaProducerConfig.java:18) ~[classes/:na]
	at com.example.verve.scheduler.LoggingScheduler.logUniqueRequestCount(LoggingScheduler.java:40) ~[classes/:na]
	at java.base/jdk.internal.reflect.NativeMethodAccessorImpl.invoke0(Native Method) ~[na:na]
	at java.base/jdk.internal.reflect.NativeMethodAccessorImpl.invoke(NativeMethodAccessorImpl.java:77) ~[na:na]
	at java.base/jdk.internal.reflect.DelegatingMethodAccessorImpl.invoke(DelegatingMethodAccessorImpl.java:43) ~[na:na]
	at java.base/java.lang.reflect.Method.invoke(Method.java:568) ~[na:na]
	at org.springframework.scheduling.support.ScheduledMethodRunnable.runInternal(ScheduledMethodRunnable.java:130) ~[spring-context-6.1.14.jar:6.1.14]
	at org.springframework.scheduling.support.ScheduledMethodRunnable.lambda$run$2(ScheduledMethodRunnable.java:124) ~[spring-context-6.1.14.jar:6.1.14]
	at io.micrometer.observation.Observation.observe(Observation.java:499) ~[micrometer-observation-1.13.6.jar:1.13.6]
	at org.springframework.scheduling.support.ScheduledMethodRunnable.run(ScheduledMethodRunnable.java:124) ~[spring-context-6.1.14.jar:6.1.14]
	at org.springframework.scheduling.support.DelegatingErrorHandlingRunnable.run(DelegatingErrorHandlingRunnable.java:54) ~[spring-context-6.1.14.jar:6.1.14]
	at org.springframework.scheduling.concurrent.ReschedulingRunnable.run(ReschedulingRunnable.java:96) ~[spring-context-6.1.14.jar:6.1.14]
	at java.base/java.util.concurrent.Executors$RunnableAdapter.call(Executors.java:539) ~[na:na]
	at java.base/java.util.concurrent.FutureTask.run(FutureTask.java:264) ~[na:na]
	at java.base/java.util.concurrent.ScheduledThreadPoolExecutor$ScheduledFutureTask.run(ScheduledThreadPoolExecutor.java:304) ~[na:na]
	at java.base/java.util.concurrent.ThreadPoolExecutor.runWorker(ThreadPoolExecutor.java:1136) ~[na:na]
	at java.base/java.util.concurrent.ThreadPoolExecutor$Worker.run(ThreadPoolExecutor.java:635) ~[na:na]
	at java.base/java.lang.Thread.run(Thread.java:842) ~[na:na]
Caused by: org.apache.kafka.common.errors.TimeoutException: Topic unique-count-topic not present in metadata after 60000 ms.

2024-11-22T19:15:00.191+05:30  INFO 22760 --- [VerveApplication] [scheduling-1] c.e.verve.scheduler.LoggingScheduler     : Cron Job Finished
2024-11-22T19:15:00.373+05:30  INFO 22760 --- [VerveApplication] [http-nio-8080-exec-5] c.e.verve.controller.VerveController     : Received request with id: 4124
2024-11-22T19:15:00.374+05:30  INFO 22760 --- [VerveApplication] [http-nio-8080-exec-5] c.e.verve.service.RequestTrackerService  : Attempting to track request with ID: 4124
2024-11-22T19:15:00.375+05:30  INFO 22760 --- [VerveApplication] [http-nio-8080-exec-5] c.e.verve.controller.VerveController     : Request with id: 4124 is unique.
2024-11-22T19:15:00.388+05:30  INFO 22760 --- [VerveApplication] [http-nio-8080-exec-5] c.e.verve.service.HttpRequestService     : Firing HTTP GET request to: https://www.google.com/?uniqueCount=1
2024-11-22T19:15:01.000+05:30  INFO 22760 --- [VerveApplication] [http-nio-8080-exec-5] c.e.verve.service.HttpRequestService     : HTTP response status: 200 OK
